<?xml version="1.0" encoding="utf-8"?>
<coverage line-rate="0.9793000000000001" branch-rate="0.8928" version="1.9" timestamp="1763527712" lines-covered="190" lines-valid="194" branches-covered="75" branches-valid="84">
  <sources>
    <source>/Users/mashrul/Desktop/dotnet/EasyAppDev.Blazor.PageCache/src/EasyAppDev.Blazor.PageCache/</source>
  </sources>
  <packages>
    <package name="EasyAppDev.Blazor.PageCache" line-rate="0.9793000000000001" branch-rate="0.8928" complexity="101">
      <classes>
        <class name="EasyAppDev.Blazor.PageCache.Services.CacheKeyGenerator" filename="Services/CacheKeyGenerator.cs" line-rate="0.9677" branch-rate="0.8593000000000001" complexity="65">
          <methods>
            <method name="GenerateCacheKey" signature="(Microsoft.AspNetCore.Http.HttpContext,System.String[],System.String)" line-rate="1" branch-rate="1" complexity="8">
              <lines>
                <line number="41" hits="22" branch="False" />
                <line number="42" hits="22" branch="False" />
                <line number="44" hits="21" branch="False" />
                <line number="47" hits="21" branch="False" />
                <line number="48" hits="21" branch="False" />
                <line number="51" hits="21" branch="False" />
                <line number="54" hits="21" branch="True" condition-coverage="100% (4/4)">
                  <conditions>
                    <condition number="64" type="jump" coverage="100%" />
                    <condition number="76" type="jump" coverage="100%" />
                  </conditions>
                </line>
                <line number="55" hits="6" branch="False" />
                <line number="56" hits="6" branch="False" />
                <line number="57" hits="6" branch="False" />
                <line number="60" hits="21" branch="True" condition-coverage="100% (2/2)">
                  <conditions>
                    <condition number="103" type="jump" coverage="100%" />
                  </conditions>
                </line>
                <line number="61" hits="4" branch="False" />
                <line number="62" hits="4" branch="False" />
                <line number="63" hits="4" branch="False" />
                <line number="66" hits="21" branch="True" condition-coverage="100% (2/2)">
                  <conditions>
                    <condition number="131" type="jump" coverage="100%" />
                  </conditions>
                </line>
                <line number="67" hits="20" branch="False" />
                <line number="68" hits="20" branch="False" />
                <line number="69" hits="20" branch="False" />
                <line number="71" hits="21" branch="False" />
                <line number="73" hits="21" branch="False" />
                <line number="75" hits="21" branch="False" />
                <line number="76" hits="21" branch="False" />
              </lines>
            </method>
            <method name="NormalizePath" signature="(Microsoft.AspNetCore.Http.PathString)" line-rate="1" branch-rate="0.75" complexity="8">
              <lines>
                <line number="82" hits="21" branch="False" />
                <line number="83" hits="21" branch="True" condition-coverage="50% (2/4)">
                  <conditions>
                    <condition number="9" type="jump" coverage="50%" />
                    <condition number="21" type="jump" coverage="50%" />
                  </conditions>
                </line>
                <line number="86" hits="21" branch="True" condition-coverage="100% (4/4)">
                  <conditions>
                    <condition number="37" type="jump" coverage="100%" />
                    <condition number="52" type="jump" coverage="100%" />
                  </conditions>
                </line>
                <line number="87" hits="1" branch="False" />
                <line number="88" hits="1" branch="False" />
                <line number="89" hits="1" branch="False" />
                <line number="91" hits="21" branch="False" />
                <line number="92" hits="21" branch="False" />
              </lines>
            </method>
            <method name="AppendRouteValues" signature="(Microsoft.AspNetCore.Http.HttpContext,System.Text.StringBuilder)" line-rate="0.909" branch-rate="0.7777" complexity="18">
              <lines>
                <line number="98" hits="21" branch="False" />
                <line number="99" hits="21" branch="True" condition-coverage="100% (2/2)">
                  <conditions>
                    <condition number="8" type="jump" coverage="100%" />
                  </conditions>
                </line>
                <line number="100" hits="21" branch="True" condition-coverage="100% (4/4)">
                  <conditions>
                    <condition number="21" type="jump" coverage="100%" />
                    <condition number="37" type="jump" coverage="100%" />
                  </conditions>
                </line>
                <line number="101" hits="17" branch="False" />
                <line number="102" hits="17" branch="False" />
                <line number="106" hits="4" branch="False" />
                <line number="107" hits="6" branch="True" condition-coverage="100% (2/2)">
                  <conditions>
                    <condition number="17" type="jump" coverage="100%" />
                  </conditions>
                </line>
                <line number="108" hits="2" branch="False" />
                <line number="109" hits="4" branch="False" />
                <line number="111" hits="4" branch="True" condition-coverage="50% (1/2)">
                  <conditions>
                    <condition number="140" type="jump" coverage="50%" />
                  </conditions>
                </line>
                <line number="112" hits="0" branch="False" />
                <line number="113" hits="0" branch="False" />
                <line number="116" hits="4" branch="False" />
                <line number="117" hits="22" branch="True" condition-coverage="100% (2/2)">
                  <conditions>
                    <condition number="273" type="jump" coverage="100%" />
                  </conditions>
                </line>
                <line number="118" hits="5" branch="False" />
                <line number="119" hits="5" branch="False" />
                <line number="120" hits="5" branch="False" />
                <line number="121" hits="5" branch="True" condition-coverage="50% (3/6)">
                  <conditions>
                    <condition number="218" type="jump" coverage="50%" />
                    <condition number="230" type="jump" coverage="50%" />
                    <condition number="242" type="jump" coverage="50%" />
                  </conditions>
                </line>
                <line number="122" hits="5" branch="False" />
                <line number="123" hits="5" branch="False" />
                <line number="126" hits="4" branch="False" />
                <line number="127" hits="21" branch="False" />
              </lines>
            </method>
            <method name="AppendQueryStringVariations" signature="(Microsoft.AspNetCore.Http.HttpContext,System.Text.StringBuilder,System.String[])" line-rate="0.9411" branch-rate="0.9166" complexity="12">
              <lines>
                <line number="136" hits="6" branch="False" />
                <line number="137" hits="6" branch="False" />
                <line number="138" hits="6" branch="True" condition-coverage="100% (2/2)">
                  <conditions>
                    <condition number="24" type="jump" coverage="100%" />
                  </conditions>
                </line>
                <line number="139" hits="1" branch="False" />
                <line number="140" hits="1" branch="False" />
                <line number="143" hits="5" branch="False" />
                <line number="145" hits="41" branch="True" condition-coverage="100% (2/2)">
                  <conditions>
                    <condition number="142" type="jump" coverage="100%" />
                  </conditions>
                </line>
                <line number="146" hits="13" branch="False" />
                <line number="147" hits="13" branch="True" condition-coverage="100% (2/2)">
                  <conditions>
                    <condition number="67" type="jump" coverage="100%" />
                  </conditions>
                </line>
                <line number="148" hits="13" branch="False" />
                <line number="149" hits="13" branch="False" />
                <line number="150" hits="13" branch="True" condition-coverage="100% (2/2)">
                  <conditions>
                    <condition number="99" type="jump" coverage="100%" />
                  </conditions>
                </line>
                <line number="151" hits="13" branch="False" />
                <line number="152" hits="13" branch="False" />
                <line number="153" hits="13" branch="False" />
                <line number="154" hits="13" branch="False" />
                <line number="155" hits="13" branch="False" />
                <line number="158" hits="5" branch="False" />
                <line number="159" hits="13" branch="False" />
                <line number="160" hits="7" branch="False" />
                <line number="161" hits="5" branch="False" />
                <line number="163" hits="5" branch="True" condition-coverage="50% (1/2)">
                  <conditions>
                    <condition number="222" type="jump" coverage="50%" />
                  </conditions>
                </line>
                <line number="164" hits="0" branch="False" />
                <line number="165" hits="0" branch="False" />
                <line number="168" hits="5" branch="False" />
                <line number="169" hits="33" branch="True" condition-coverage="100% (2/2)">
                  <conditions>
                    <condition number="320" type="jump" coverage="100%" />
                  </conditions>
                </line>
                <line number="170" hits="9" branch="False" />
                <line number="171" hits="9" branch="False" />
                <line number="172" hits="9" branch="False" />
                <line number="173" hits="9" branch="False" />
                <line number="174" hits="9" branch="False" />
                <line number="175" hits="9" branch="False" />
                <line number="178" hits="5" branch="False" />
                <line number="179" hits="6" branch="False" />
              </lines>
            </method>
            <method name="AppendHeaderVariation" signature="(Microsoft.AspNetCore.Http.HttpContext,System.Text.StringBuilder,System.String)" line-rate="1" branch-rate="1" complexity="4">
              <lines>
                <line number="188" hits="4" branch="False" />
                <line number="189" hits="4" branch="True" condition-coverage="100% (2/2)">
                  <conditions>
                    <condition number="22" type="jump" coverage="100%" />
                  </conditions>
                </line>
                <line number="190" hits="3" branch="False" />
                <line number="191" hits="3" branch="False" />
                <line number="192" hits="3" branch="True" condition-coverage="100% (2/2)">
                  <conditions>
                    <condition number="50" type="jump" coverage="100%" />
                  </conditions>
                </line>
                <line number="193" hits="3" branch="False" />
                <line number="194" hits="3" branch="False" />
                <line number="195" hits="3" branch="False" />
                <line number="196" hits="3" branch="False" />
                <line number="197" hits="3" branch="False" />
                <line number="198" hits="3" branch="False" />
                <line number="199" hits="3" branch="False" />
                <line number="200" hits="4" branch="False" />
              </lines>
            </method>
            <method name="AppendCultureVariation" signature="(System.Text.StringBuilder)" line-rate="1" branch-rate="1" complexity="1">
              <lines>
                <line number="206" hits="20" branch="False" />
                <line number="207" hits="20" branch="False" />
                <line number="208" hits="20" branch="False" />
                <line number="209" hits="20" branch="False" />
                <line number="210" hits="20" branch="False" />
              </lines>
            </method>
            <method name="IsCacheable" signature="(Microsoft.AspNetCore.Http.HttpContext)" line-rate="1" branch-rate="0.75" complexity="8">
              <lines>
                <line number="218" hits="11" branch="False" />
                <line number="219" hits="11" branch="False" />
                <line number="221" hits="10" branch="False" />
                <line number="224" hits="10" branch="True" condition-coverage="100% (2/2)">
                  <conditions>
                    <condition number="36" type="jump" coverage="100%" />
                  </conditions>
                </line>
                <line number="225" hits="6" branch="False" />
                <line number="226" hits="6" branch="False" />
                <line number="227" hits="6" branch="False" />
                <line number="231" hits="4" branch="True" condition-coverage="66.66% (4/6)">
                  <conditions>
                    <condition number="82" type="jump" coverage="50%" />
                    <condition number="94" type="jump" coverage="50%" />
                    <condition number="130" type="jump" coverage="100%" />
                  </conditions>
                </line>
                <line number="232" hits="1" branch="False" />
                <line number="233" hits="1" branch="False" />
                <line number="234" hits="1" branch="False" />
                <line number="237" hits="3" branch="False" />
                <line number="238" hits="10" branch="False" />
              </lines>
            </method>
            <method name=".ctor" signature="(Microsoft.Extensions.Options.IOptions`1&lt;EasyAppDev.Blazor.PageCache.Configuration.PageCacheOptions&gt;,Microsoft.Extensions.Logging.ILogger`1&lt;EasyAppDev.Blazor.PageCache.Services.CacheKeyGenerator&gt;)" line-rate="1" branch-rate="1" complexity="6">
              <lines>
                <line number="22" hits="39" branch="False" />
                <line number="23" hits="39" branch="False" />
                <line number="24" hits="39" branch="False" />
                <line number="25" hits="39" branch="False" />
                <line number="26" hits="39" branch="True" condition-coverage="100% (4/4)">
                  <conditions>
                    <condition number="10" type="jump" coverage="100%" />
                    <condition number="22" type="jump" coverage="100%" />
                  </conditions>
                </line>
                <line number="27" hits="38" branch="True" condition-coverage="100% (2/2)">
                  <conditions>
                    <condition number="44" type="jump" coverage="100%" />
                  </conditions>
                </line>
                <line number="28" hits="37" branch="False" />
              </lines>
            </method>
          </methods>
          <lines>
            <line number="41" hits="22" branch="False" />
            <line number="42" hits="22" branch="False" />
            <line number="44" hits="21" branch="False" />
            <line number="47" hits="21" branch="False" />
            <line number="48" hits="21" branch="False" />
            <line number="51" hits="21" branch="False" />
            <line number="54" hits="21" branch="True" condition-coverage="100% (4/4)">
              <conditions>
                <condition number="64" type="jump" coverage="100%" />
                <condition number="76" type="jump" coverage="100%" />
              </conditions>
            </line>
            <line number="55" hits="6" branch="False" />
            <line number="56" hits="6" branch="False" />
            <line number="57" hits="6" branch="False" />
            <line number="60" hits="21" branch="True" condition-coverage="100% (2/2)">
              <conditions>
                <condition number="103" type="jump" coverage="100%" />
              </conditions>
            </line>
            <line number="61" hits="4" branch="False" />
            <line number="62" hits="4" branch="False" />
            <line number="63" hits="4" branch="False" />
            <line number="66" hits="21" branch="True" condition-coverage="100% (2/2)">
              <conditions>
                <condition number="131" type="jump" coverage="100%" />
              </conditions>
            </line>
            <line number="67" hits="20" branch="False" />
            <line number="68" hits="20" branch="False" />
            <line number="69" hits="20" branch="False" />
            <line number="71" hits="21" branch="False" />
            <line number="73" hits="21" branch="False" />
            <line number="75" hits="21" branch="False" />
            <line number="76" hits="21" branch="False" />
            <line number="82" hits="21" branch="False" />
            <line number="83" hits="21" branch="True" condition-coverage="50% (2/4)">
              <conditions>
                <condition number="9" type="jump" coverage="50%" />
                <condition number="21" type="jump" coverage="50%" />
              </conditions>
            </line>
            <line number="86" hits="21" branch="True" condition-coverage="100% (4/4)">
              <conditions>
                <condition number="37" type="jump" coverage="100%" />
                <condition number="52" type="jump" coverage="100%" />
              </conditions>
            </line>
            <line number="87" hits="1" branch="False" />
            <line number="88" hits="1" branch="False" />
            <line number="89" hits="1" branch="False" />
            <line number="91" hits="21" branch="False" />
            <line number="92" hits="21" branch="False" />
            <line number="98" hits="21" branch="False" />
            <line number="99" hits="21" branch="True" condition-coverage="100% (2/2)">
              <conditions>
                <condition number="8" type="jump" coverage="100%" />
              </conditions>
            </line>
            <line number="100" hits="21" branch="True" condition-coverage="100% (4/4)">
              <conditions>
                <condition number="21" type="jump" coverage="100%" />
                <condition number="37" type="jump" coverage="100%" />
              </conditions>
            </line>
            <line number="101" hits="17" branch="False" />
            <line number="102" hits="17" branch="False" />
            <line number="106" hits="4" branch="False" />
            <line number="107" hits="6" branch="True" condition-coverage="100% (2/2)">
              <conditions>
                <condition number="17" type="jump" coverage="100%" />
              </conditions>
            </line>
            <line number="108" hits="2" branch="False" />
            <line number="109" hits="4" branch="False" />
            <line number="111" hits="4" branch="True" condition-coverage="50% (1/2)">
              <conditions>
                <condition number="140" type="jump" coverage="50%" />
              </conditions>
            </line>
            <line number="112" hits="0" branch="False" />
            <line number="113" hits="0" branch="False" />
            <line number="116" hits="4" branch="False" />
            <line number="117" hits="22" branch="True" condition-coverage="100% (2/2)">
              <conditions>
                <condition number="273" type="jump" coverage="100%" />
              </conditions>
            </line>
            <line number="118" hits="5" branch="False" />
            <line number="119" hits="5" branch="False" />
            <line number="120" hits="5" branch="False" />
            <line number="121" hits="5" branch="True" condition-coverage="50% (3/6)">
              <conditions>
                <condition number="218" type="jump" coverage="50%" />
                <condition number="230" type="jump" coverage="50%" />
                <condition number="242" type="jump" coverage="50%" />
              </conditions>
            </line>
            <line number="122" hits="5" branch="False" />
            <line number="123" hits="5" branch="False" />
            <line number="126" hits="4" branch="False" />
            <line number="127" hits="21" branch="False" />
            <line number="136" hits="6" branch="False" />
            <line number="137" hits="6" branch="False" />
            <line number="138" hits="6" branch="True" condition-coverage="100% (2/2)">
              <conditions>
                <condition number="24" type="jump" coverage="100%" />
              </conditions>
            </line>
            <line number="139" hits="1" branch="False" />
            <line number="140" hits="1" branch="False" />
            <line number="143" hits="5" branch="False" />
            <line number="145" hits="41" branch="True" condition-coverage="100% (2/2)">
              <conditions>
                <condition number="142" type="jump" coverage="100%" />
              </conditions>
            </line>
            <line number="146" hits="13" branch="False" />
            <line number="147" hits="13" branch="True" condition-coverage="100% (2/2)">
              <conditions>
                <condition number="67" type="jump" coverage="100%" />
              </conditions>
            </line>
            <line number="148" hits="13" branch="False" />
            <line number="149" hits="13" branch="False" />
            <line number="150" hits="13" branch="True" condition-coverage="100% (2/2)">
              <conditions>
                <condition number="99" type="jump" coverage="100%" />
              </conditions>
            </line>
            <line number="151" hits="13" branch="False" />
            <line number="152" hits="13" branch="False" />
            <line number="153" hits="13" branch="False" />
            <line number="154" hits="13" branch="False" />
            <line number="155" hits="13" branch="False" />
            <line number="158" hits="5" branch="False" />
            <line number="159" hits="13" branch="False" />
            <line number="160" hits="7" branch="False" />
            <line number="161" hits="5" branch="False" />
            <line number="163" hits="5" branch="True" condition-coverage="50% (1/2)">
              <conditions>
                <condition number="222" type="jump" coverage="50%" />
              </conditions>
            </line>
            <line number="164" hits="0" branch="False" />
            <line number="165" hits="0" branch="False" />
            <line number="168" hits="5" branch="False" />
            <line number="169" hits="33" branch="True" condition-coverage="100% (2/2)">
              <conditions>
                <condition number="320" type="jump" coverage="100%" />
              </conditions>
            </line>
            <line number="170" hits="9" branch="False" />
            <line number="171" hits="9" branch="False" />
            <line number="172" hits="9" branch="False" />
            <line number="173" hits="9" branch="False" />
            <line number="174" hits="9" branch="False" />
            <line number="175" hits="9" branch="False" />
            <line number="178" hits="5" branch="False" />
            <line number="179" hits="6" branch="False" />
            <line number="188" hits="4" branch="False" />
            <line number="189" hits="4" branch="True" condition-coverage="100% (2/2)">
              <conditions>
                <condition number="22" type="jump" coverage="100%" />
              </conditions>
            </line>
            <line number="190" hits="3" branch="False" />
            <line number="191" hits="3" branch="False" />
            <line number="192" hits="3" branch="True" condition-coverage="100% (2/2)">
              <conditions>
                <condition number="50" type="jump" coverage="100%" />
              </conditions>
            </line>
            <line number="193" hits="3" branch="False" />
            <line number="194" hits="3" branch="False" />
            <line number="195" hits="3" branch="False" />
            <line number="196" hits="3" branch="False" />
            <line number="197" hits="3" branch="False" />
            <line number="198" hits="3" branch="False" />
            <line number="199" hits="3" branch="False" />
            <line number="200" hits="4" branch="False" />
            <line number="206" hits="20" branch="False" />
            <line number="207" hits="20" branch="False" />
            <line number="208" hits="20" branch="False" />
            <line number="209" hits="20" branch="False" />
            <line number="210" hits="20" branch="False" />
            <line number="218" hits="11" branch="False" />
            <line number="219" hits="11" branch="False" />
            <line number="221" hits="10" branch="False" />
            <line number="224" hits="10" branch="True" condition-coverage="100% (2/2)">
              <conditions>
                <condition number="36" type="jump" coverage="100%" />
              </conditions>
            </line>
            <line number="225" hits="6" branch="False" />
            <line number="226" hits="6" branch="False" />
            <line number="227" hits="6" branch="False" />
            <line number="231" hits="4" branch="True" condition-coverage="66.66% (4/6)">
              <conditions>
                <condition number="82" type="jump" coverage="50%" />
                <condition number="94" type="jump" coverage="50%" />
                <condition number="130" type="jump" coverage="100%" />
              </conditions>
            </line>
            <line number="232" hits="1" branch="False" />
            <line number="233" hits="1" branch="False" />
            <line number="234" hits="1" branch="False" />
            <line number="237" hits="3" branch="False" />
            <line number="238" hits="10" branch="False" />
            <line number="22" hits="39" branch="False" />
            <line number="23" hits="39" branch="False" />
            <line number="24" hits="39" branch="False" />
            <line number="25" hits="39" branch="False" />
            <line number="26" hits="39" branch="True" condition-coverage="100% (4/4)">
              <conditions>
                <condition number="10" type="jump" coverage="100%" />
                <condition number="22" type="jump" coverage="100%" />
              </conditions>
            </line>
            <line number="27" hits="38" branch="True" condition-coverage="100% (2/2)">
              <conditions>
                <condition number="44" type="jump" coverage="100%" />
              </conditions>
            </line>
            <line number="28" hits="37" branch="False" />
          </lines>
        </class>
        <class name="EasyAppDev.Blazor.PageCache.Extensions.ServiceCollectionExtensions" filename="Extensions/ServiceCollectionExtensions.cs" line-rate="1" branch-rate="1" complexity="2">
          <methods>
            <method name="AddPageCache" signature="(Microsoft.Extensions.DependencyInjection.IServiceCollection)" line-rate="1" branch-rate="1" complexity="1">
              <lines>
                <line number="20" hits="10" branch="False" />
                <line number="21" hits="18" branch="False" />
                <line number="22" hits="9" branch="False" />
              </lines>
            </method>
            <method name="AddPageCache" signature="(Microsoft.Extensions.DependencyInjection.IServiceCollection,System.Action`1&lt;EasyAppDev.Blazor.PageCache.Configuration.PageCacheOptions&gt;)" line-rate="1" branch-rate="1" complexity="1">
              <lines>
                <line number="33" hits="16" branch="False" />
                <line number="34" hits="16" branch="False" />
                <line number="35" hits="15" branch="False" />
                <line number="38" hits="14" branch="False" />
                <line number="39" hits="14" branch="False" />
                <line number="40" hits="14" branch="False" />
                <line number="43" hits="14" branch="False" />
                <line number="46" hits="14" branch="False" />
                <line number="53" hits="14" branch="False" />
                <line number="54" hits="14" branch="False" />
              </lines>
            </method>
          </methods>
          <lines>
            <line number="20" hits="10" branch="False" />
            <line number="21" hits="18" branch="False" />
            <line number="22" hits="9" branch="False" />
            <line number="33" hits="16" branch="False" />
            <line number="34" hits="16" branch="False" />
            <line number="35" hits="15" branch="False" />
            <line number="38" hits="14" branch="False" />
            <line number="39" hits="14" branch="False" />
            <line number="40" hits="14" branch="False" />
            <line number="43" hits="14" branch="False" />
            <line number="46" hits="14" branch="False" />
            <line number="53" hits="14" branch="False" />
            <line number="54" hits="14" branch="False" />
          </lines>
        </class>
        <class name="EasyAppDev.Blazor.PageCache.Configuration.PageCacheOptions" filename="Configuration/PageCacheOptions.cs" line-rate="1" branch-rate="1" complexity="14">
          <methods>
            <method name="get_Enabled" signature="()" line-rate="1" branch-rate="1" complexity="1">
              <lines>
                <line number="12" hits="83" branch="False" />
              </lines>
            </method>
            <method name="get_DefaultDurationSeconds" signature="()" line-rate="1" branch-rate="1" complexity="1">
              <lines>
                <line number="22" hits="123" branch="False" />
              </lines>
            </method>
            <method name="get_MaxCacheSizeMB" signature="()" line-rate="1" branch-rate="1" complexity="1">
              <lines>
                <line number="28" hits="158" branch="False" />
              </lines>
            </method>
            <method name="get_SlidingExpirationSeconds" signature="()" line-rate="1" branch-rate="1" complexity="1">
              <lines>
                <line number="38" hits="48" branch="False" />
              </lines>
            </method>
            <method name="get_CompressCachedContent" signature="()" line-rate="1" branch-rate="1" complexity="1">
              <lines>
                <line number="48" hits="80" branch="False" />
              </lines>
            </method>
            <method name="get_EnableStatistics" signature="()" line-rate="1" branch-rate="1" complexity="1">
              <lines>
                <line number="58" hits="80" branch="False" />
              </lines>
            </method>
            <method name="get_CacheKeyPrefix" signature="()" line-rate="1" branch-rate="1" complexity="1">
              <lines>
                <line number="68" hits="150" branch="False" />
              </lines>
            </method>
            <method name="get_VaryByCulture" signature="()" line-rate="1" branch-rate="1" complexity="1">
              <lines>
                <line number="78" hits="102" branch="False" />
              </lines>
            </method>
            <method name="get_MaxConcurrentCacheGenerations" signature="()" line-rate="1" branch-rate="1" complexity="1">
              <lines>
                <line number="89" hits="120" branch="False" />
              </lines>
            </method>
            <method name="get_CacheGenerationTimeoutSeconds" signature="()" line-rate="1" branch-rate="1" complexity="1">
              <lines>
                <line number="99" hits="119" branch="False" />
              </lines>
            </method>
            <method name="get_IgnoredQueryParameters" signature="()" line-rate="1" branch-rate="1" complexity="1">
              <lines>
                <line number="109" hits="107" branch="False" />
              </lines>
            </method>
            <method name="get_CacheOnlySuccessfulResponses" signature="()" line-rate="1" branch-rate="1" complexity="1">
              <lines>
                <line number="124" hits="80" branch="False" />
              </lines>
            </method>
            <method name="get_CacheableStatusCodes" signature="()" line-rate="1" branch-rate="1" complexity="1">
              <lines>
                <line number="130" hits="122" branch="False" />
              </lines>
            </method>
            <method name=".ctor" signature="()" line-rate="1" branch-rate="1" complexity="1">
              <lines>
                <line number="110" hits="77" branch="False" />
                <line number="111" hits="77" branch="False" />
                <line number="112" hits="77" branch="False" />
                <line number="113" hits="77" branch="False" />
                <line number="114" hits="77" branch="False" />
                <line number="115" hits="77" branch="False" />
                <line number="116" hits="77" branch="False" />
                <line number="117" hits="77" branch="False" />
                <line number="118" hits="77" branch="False" />
              </lines>
            </method>
          </methods>
          <lines>
            <line number="12" hits="83" branch="False" />
            <line number="22" hits="123" branch="False" />
            <line number="28" hits="158" branch="False" />
            <line number="38" hits="48" branch="False" />
            <line number="48" hits="80" branch="False" />
            <line number="58" hits="80" branch="False" />
            <line number="68" hits="150" branch="False" />
            <line number="78" hits="102" branch="False" />
            <line number="89" hits="120" branch="False" />
            <line number="99" hits="119" branch="False" />
            <line number="109" hits="107" branch="False" />
            <line number="124" hits="80" branch="False" />
            <line number="130" hits="122" branch="False" />
            <line number="110" hits="77" branch="False" />
            <line number="111" hits="77" branch="False" />
            <line number="112" hits="77" branch="False" />
            <line number="113" hits="77" branch="False" />
            <line number="114" hits="77" branch="False" />
            <line number="115" hits="77" branch="False" />
            <line number="116" hits="77" branch="False" />
            <line number="117" hits="77" branch="False" />
            <line number="118" hits="77" branch="False" />
          </lines>
        </class>
        <class name="EasyAppDev.Blazor.PageCache.Configuration.PageCacheOptionsValidator" filename="Configuration/PageCacheOptionsValidator.cs" line-rate="1" branch-rate="1" complexity="20">
          <methods>
            <method name="Validate" signature="(System.String,EasyAppDev.Blazor.PageCache.Configuration.PageCacheOptions)" line-rate="1" branch-rate="1" complexity="20">
              <lines>
                <line number="12" hits="36" branch="False" />
                <line number="13" hits="36" branch="False" />
                <line number="15" hits="36" branch="True" condition-coverage="100% (2/2)">
                  <conditions>
                    <condition number="21" type="jump" coverage="100%" />
                  </conditions>
                </line>
                <line number="16" hits="4" branch="False" />
                <line number="17" hits="4" branch="False" />
                <line number="18" hits="4" branch="False" />
                <line number="20" hits="36" branch="True" condition-coverage="100% (4/4)">
                  <conditions>
                    <condition number="51" type="jump" coverage="100%" />
                    <condition number="78" type="jump" coverage="100%" />
                  </conditions>
                </line>
                <line number="21" hits="4" branch="False" />
                <line number="22" hits="4" branch="False" />
                <line number="23" hits="4" branch="False" />
                <line number="25" hits="36" branch="True" condition-coverage="100% (4/4)">
                  <conditions>
                    <condition number="108" type="jump" coverage="100%" />
                    <condition number="137" type="jump" coverage="100%" />
                  </conditions>
                </line>
                <line number="26" hits="3" branch="False" />
                <line number="27" hits="3" branch="False" />
                <line number="28" hits="3" branch="False" />
                <line number="30" hits="36" branch="True" condition-coverage="100% (2/2)">
                  <conditions>
                    <condition number="168" type="jump" coverage="100%" />
                  </conditions>
                </line>
                <line number="31" hits="6" branch="False" />
                <line number="32" hits="6" branch="False" />
                <line number="33" hits="6" branch="False" />
                <line number="35" hits="36" branch="True" condition-coverage="100% (2/2)">
                  <conditions>
                    <condition number="200" type="jump" coverage="100%" />
                  </conditions>
                </line>
                <line number="36" hits="4" branch="False" />
                <line number="37" hits="4" branch="False" />
                <line number="38" hits="4" branch="False" />
                <line number="40" hits="36" branch="True" condition-coverage="100% (2/2)">
                  <conditions>
                    <condition number="232" type="jump" coverage="100%" />
                  </conditions>
                </line>
                <line number="41" hits="3" branch="False" />
                <line number="42" hits="3" branch="False" />
                <line number="43" hits="3" branch="False" />
                <line number="45" hits="36" branch="True" condition-coverage="100% (2/2)">
                  <conditions>
                    <condition number="266" type="jump" coverage="100%" />
                  </conditions>
                </line>
                <line number="46" hits="2" branch="False" />
                <line number="47" hits="2" branch="False" />
                <line number="48" hits="2" branch="False" />
                <line number="50" hits="36" branch="True" condition-coverage="100% (2/2)">
                  <conditions>
                    <condition number="295" type="jump" coverage="100%" />
                  </conditions>
                </line>
                <line number="51" hits="22" branch="False" />
                <line number="52" hits="22" branch="False" />
                <line number="55" hits="14" branch="False" />
                <line number="56" hits="36" branch="False" />
              </lines>
            </method>
          </methods>
          <lines>
            <line number="12" hits="36" branch="False" />
            <line number="13" hits="36" branch="False" />
            <line number="15" hits="36" branch="True" condition-coverage="100% (2/2)">
              <conditions>
                <condition number="21" type="jump" coverage="100%" />
              </conditions>
            </line>
            <line number="16" hits="4" branch="False" />
            <line number="17" hits="4" branch="False" />
            <line number="18" hits="4" branch="False" />
            <line number="20" hits="36" branch="True" condition-coverage="100% (4/4)">
              <conditions>
                <condition number="51" type="jump" coverage="100%" />
                <condition number="78" type="jump" coverage="100%" />
              </conditions>
            </line>
            <line number="21" hits="4" branch="False" />
            <line number="22" hits="4" branch="False" />
            <line number="23" hits="4" branch="False" />
            <line number="25" hits="36" branch="True" condition-coverage="100% (4/4)">
              <conditions>
                <condition number="108" type="jump" coverage="100%" />
                <condition number="137" type="jump" coverage="100%" />
              </conditions>
            </line>
            <line number="26" hits="3" branch="False" />
            <line number="27" hits="3" branch="False" />
            <line number="28" hits="3" branch="False" />
            <line number="30" hits="36" branch="True" condition-coverage="100% (2/2)">
              <conditions>
                <condition number="168" type="jump" coverage="100%" />
              </conditions>
            </line>
            <line number="31" hits="6" branch="False" />
            <line number="32" hits="6" branch="False" />
            <line number="33" hits="6" branch="False" />
            <line number="35" hits="36" branch="True" condition-coverage="100% (2/2)">
              <conditions>
                <condition number="200" type="jump" coverage="100%" />
              </conditions>
            </line>
            <line number="36" hits="4" branch="False" />
            <line number="37" hits="4" branch="False" />
            <line number="38" hits="4" branch="False" />
            <line number="40" hits="36" branch="True" condition-coverage="100% (2/2)">
              <conditions>
                <condition number="232" type="jump" coverage="100%" />
              </conditions>
            </line>
            <line number="41" hits="3" branch="False" />
            <line number="42" hits="3" branch="False" />
            <line number="43" hits="3" branch="False" />
            <line number="45" hits="36" branch="True" condition-coverage="100% (2/2)">
              <conditions>
                <condition number="266" type="jump" coverage="100%" />
              </conditions>
            </line>
            <line number="46" hits="2" branch="False" />
            <line number="47" hits="2" branch="False" />
            <line number="48" hits="2" branch="False" />
            <line number="50" hits="36" branch="True" condition-coverage="100% (2/2)">
              <conditions>
                <condition number="295" type="jump" coverage="100%" />
              </conditions>
            </line>
            <line number="51" hits="22" branch="False" />
            <line number="52" hits="22" branch="False" />
            <line number="55" hits="14" branch="False" />
            <line number="56" hits="36" branch="False" />
          </lines>
        </class>
      </classes>
    </package>
  </packages>
</coverage>